<?xml version="1.0" encoding="UTF-8"?>
<!-- Generated by org.testng.reporters.JUnitReportReporter -->
<testsuite hostname="LAPTOP-OADT16FV" failures="0" tests="3" name="packp.Paytm" time="108.010" errors="0" timestamp="2022-05-26T08:19:17 IST" skipped="0">
  <testcase classname="packp.Paytm" name="varifyRechargeandbills" time="17.807"/>
  <system-out/>
  <testcase classname="packp.Paytm" name="varifyRechargeandbills" time="44.023"/>
  <system-out/>
  <testcase classname="packp.Paytm" name="varifyRechargeandbills" time="46.180"/>
  <system-out/>
</testsuite> <!-- packp.Paytm -->
